#
# A fatal error has been detected by the Java Runtime Environment:
#
#  SIGSEGV (0xb) at pc=0x0000000100bd693a, pid=54171, tid=771
#
# JRE version: Java(TM) SE Runtime Environment (7.0_60-b19) (build 1.7.0_60-b19)
# Java VM: Java HotSpot(TM) 64-Bit Server VM (24.60-b09 mixed mode bsd-amd64 compressed oops)
# Problematic frame:
# C  [XUL+0xbcf93a]  _ZN2js16BaseProxyHandler20finalizeInBackgroundEN2JS5ValueE+0x3033a
#
# Failed to write core dump. Core dumps have been disabled. To enable core dumping, try "ulimit -c unlimited" before starting Java again
#
# If you would like to submit a bug report, please visit:
#   http://bugreport.sun.com/bugreport/crash.jsp
# The crash happened outside the Java Virtual Machine in native code.
# See problematic frame for where to report the bug.
#

---------------  T H R E A D  ---------------

Current thread (0x0000000110130000):  JavaThread "Thread-0" [_thread_in_native, id=771, stack(0x00007fff5fb80000,0x00007fff5fc00000)]

siginfo:si_signo=SIGSEGV: si_errno=0, si_code=0 (SEGV0), si_addr=0x0000000000000000

Registers:
RAX=0x00007fff5fbfe278, RBX=0x0000000104567300, RCX=0x00007fff5fbfc998, RDX=0x000000010392ac68
RSP=0x00007fff5fbfc8f0, RBP=0x00007fff5fbfc970, RSI=0x0000000000000001, RDI=0x0000000000000106
R8 =0x0000000000000005, R9 =0x00007fff5fbfca00, R10=0x0000000000000008, R11=0x0000000000000206
R12=0x00007fff5fbfc9a0, R13=0x00007fff5fbfca10, R14=0x00007fff5fbfc998, R15=0x5a5a5a5a5a5a5a5a
RIP=0x0000000100bd693a, EFLAGS=0x0000000000010202, ERR=0x0000000000000000
  TRAPNO=0x000000000000000d

Top of Stack: (sp=0x00007fff5fbfc8f0)
0x00007fff5fbfc8f0:   0000000104131000 00000001045bd070
0x00007fff5fbfc900:   000000010451aee0 00007fff8c4f8f24
0x00007fff5fbfc910:   0000000104400040 0000000000000000
0x00007fff5fbfc920:   0000000000000030 0000000000000000
0x00007fff5fbfc930:   0000000100000005 0000000000000000
0x00007fff5fbfc940:   0000000000000000 0000000104567300
0x00007fff5fbfc950:   00007fff5fbfca10 0000000000000000
0x00007fff5fbfc960:   00007fff7066a480 0000000106f0611b
0x00007fff5fbfc970:   00007fff5fbfc9b0 0000000106f10793
0x00007fff5fbfc980:   0000000000000000 00000001045311c0
0x00007fff5fbfc990:   0000000000012068 0000000104523120
0x00007fff5fbfc9a0:   0000000000012068 0000000112cab280
0x00007fff5fbfc9b0:   00007fff5fbfc9d0 00007fff815f21bb
0x00007fff5fbfc9c0:   0000000000000001 0000000000000000
0x00007fff5fbfc9d0:   00007fff5fbfc9f0 00007fff815ef28d
0x00007fff5fbfc9e0:   0000000000000001 0000000000000000
0x00007fff5fbfc9f0:   00007fff5fbfca70 00007fff815f6ef0
0x00007fff5fbfca00:   0000000104523138 00007fff7066a480
0x00007fff5fbfca10:   0000000000000000 0000000000000000
0x00007fff5fbfca20:   0000000000000000 0000000000000000
0x00007fff5fbfca30:   0000000000000000 0000000000000000
0x00007fff5fbfca40:   0000000000000000 0000000104523120
0x00007fff5fbfca50:   00000001045311c0 00007fff5fbfcb10
0x00007fff5fbfca60:   00000001045311b0 0000000105800048
0x00007fff5fbfca70:   00007fff5fbfca80 00007fff88b315a9
0x00007fff5fbfca80:   00007fff5fbfd840 00007fff88aec7c4
0x00007fff5fbfca90:   0000000000000000 00000001045323a0
0x00007fff5fbfcaa0:   0000000000000000 0000000100000000
0x00007fff5fbfcab0:   00007fff71efef00 0000000100000000
0x00007fff5fbfcac0:   00001803015da970 00000001045abaa0
0x00007fff5fbfcad0:   00000001045311c0 0000000104523120
0x00007fff5fbfcae0:   0101000100004c1b 0000000104523110 

Instructions: (pc=0x0000000100bd693a)
0x0000000100bd691a:   00 00 4d 85 e4 0f 94 44 24 37 48 c7 44 24 28 00
0x0000000100bd692a:   00 00 00 4d 85 f6 0f 94 44 24 27 c6 44 24 26 00
0x0000000100bd693a:   49 8b 7f 08 48 8d 74 24 50 48 8d 54 24 37 48 8d
0x0000000100bd694a:   4c 24 48 4c 8d 44 24 27 4c 8d 4c 24 44 4c 8d 54 

Register to memory mapping:

RAX=0x00007fff5fbfe278 is pointing into the stack for thread: 0x0000000110130000
RBX=0x0000000104567300 is an unknown value
RCX=0x00007fff5fbfc998 is pointing into the stack for thread: 0x0000000110130000
RDX=0x000000010392ac68: CMMFRandTemplate+0x9cc7b8 in /Applications/Firefox.app/Contents/MacOS/XUL at 0x0000000100007000
RSP=0x00007fff5fbfc8f0 is pointing into the stack for thread: 0x0000000110130000
RBP=0x00007fff5fbfc970 is pointing into the stack for thread: 0x0000000110130000
RSI=0x0000000000000001 is an unknown value
RDI=0x0000000000000106 is an unknown value
R8 =0x0000000000000005 is an unknown value
R9 =0x00007fff5fbfca00 is pointing into the stack for thread: 0x0000000110130000
R10=0x0000000000000008 is an unknown value
R11=0x0000000000000206 is an unknown value
R12=0x00007fff5fbfc9a0 is pointing into the stack for thread: 0x0000000110130000
R13=0x00007fff5fbfca10 is pointing into the stack for thread: 0x0000000110130000
R14=0x00007fff5fbfc998 is pointing into the stack for thread: 0x0000000110130000
R15=0x5a5a5a5a5a5a5a5a is an unknown value


Stack: [0x00007fff5fb80000,0x00007fff5fc00000],  sp=0x00007fff5fbfc8f0,  free space=498k
Native frames: (J=compiled Java code, j=interpreted, Vv=VM code, C=native code)
C  [XUL+0xbcf93a]  _ZN2js16BaseProxyHandler20finalizeInBackgroundEN2JS5ValueE+0x3033a
C  [JavaAppletPlugin+0xe793]  _ZN18MacNPAPIJavaPlugin22doUpdateWindowLocationEv+0x3b
C  [libdispatch.dylib+0x41bb]  _dispatch_call_block_and_release+0xc
C  [libdispatch.dylib+0x128d]  _dispatch_client_callout+0x8
C  [libdispatch.dylib+0x8ef0]  _dispatch_main_queue_callback_4CF+0x14d
C  [CoreFoundation+0xb55a9]  __CFRUNLOOP_IS_SERVICING_THE_MAIN_DISPATCH_QUEUE__+0x9
C  [CoreFoundation+0x707c4]  __CFRunLoopRun+0x664
C  [CoreFoundation+0x6ff25]  CFRunLoopRunSpecific+0x135
C  [HIToolbox+0x2ea0d]  RunCurrentEventLoopInMode+0xe2
C  [HIToolbox+0x2e7b7]  ReceiveNextEventCommon+0x1df
C  [HIToolbox+0x2e5bc]  _BlockUntilNextEventMatchingListInModeWithFilter+0x41
C  [AppKit+0x2426e]  _DPSNextEvent+0x59a
C  [AppKit+0x238bb]  -[NSApplication nextEventMatchingMask:untilDate:inMode:dequeue:]+0x7a
C  [AppKit+0x179bc]  -[NSApplication run]+0x229


---------------  P R O C E S S  ---------------

Java Threads: ( => current thread )
  0x0000000112c5f000 JavaThread "JVM[id=1]-Heartbeat" [_thread_blocked, id=54275, stack(0x000000011341b000,0x000000011351b000)]
  0x0000000112c52000 JavaThread "JRE 1.7.0.60 Worker Thread" [_thread_blocked, id=53763, stack(0x0000000112f07000,0x0000000113007000)]
  0x0000000112c51000 JavaThread "JRE 1.7.0.60 Output Reader Thread" [_thread_in_native, id=53251, stack(0x0000000112e04000,0x0000000112f04000)]
  0x0000000112c50000 JavaThread "JRE 1.7.0.60 Output Reader Thread" [_thread_in_native, id=52739, stack(0x0000000112d01000,0x0000000112e01000)]
  0x0000000112c4f000 JavaThread "Thread-5" [_thread_blocked, id=52227, stack(0x0000000109437000,0x0000000109537000)]
  0x0000000112c4e000 JavaThread "process reaper" daemon [_thread_in_native, id=51715, stack(0x000000010940c000,0x0000000109434000)]
  0x0000000112c1d000 JavaThread "Java Plug-In Pipe Worker Thread (Server-Side)" daemon [_thread_in_native, id=51011, stack(0x0000000109309000,0x0000000109409000)]
  0x0000000112957000 JavaThread "Timer-0" daemon [_thread_blocked, id=50439, stack(0x0000000112a01000,0x0000000112b01000)]
  0x0000000110157000 JavaThread "traceMsgQueueThread" daemon [_thread_blocked, id=46343, stack(0x0000000111001000,0x0000000111101000)]
=>0x0000000110130000 JavaThread "Thread-0" [_thread_in_native, id=771, stack(0x00007fff5fb80000,0x00007fff5fc00000)]
  0x000000010f2fe000 JavaThread "Service Thread" daemon [_thread_blocked, id=41731, stack(0x0000000110407000,0x0000000110507000)]
  0x000000010f2fd000 JavaThread "C2 CompilerThread1" daemon [_thread_blocked, id=41219, stack(0x0000000110304000,0x0000000110404000)]
  0x000000010f2f3000 JavaThread "C2 CompilerThread0" daemon [_thread_blocked, id=40707, stack(0x0000000110201000,0x0000000110301000)]
  0x000000010f2f2000 JavaThread "Signal Dispatcher" daemon [_thread_blocked, id=40195, stack(0x000000010ff0a000,0x000000011000a000)]
  0x000000010f2ae000 JavaThread "Finalizer" daemon [_thread_blocked, id=39171, stack(0x000000010fe07000,0x000000010ff07000)]
  0x000000010f2a7000 JavaThread "Reference Handler" daemon [_thread_blocked, id=38659, stack(0x000000010fd04000,0x000000010fe04000)]

Other Threads:
  0x000000010f2a4000 VMThread [stack: 0x000000010fc01000,0x000000010fd01000] [id=38147]
  0x000000010f2ff000 WatcherThread [stack: 0x000000011050a000,0x000000011060a000] [id=42243]

VM state:not at safepoint (normal execution)

VM Mutex/Monitor currently owned by a thread: None

Heap
 PSYoungGen      total 10240K, used 8679K [0x00000007ff500000, 0x0000000800000000, 0x0000000800000000)
  eden space 9216K, 83% used [0x00000007ff500000,0x00000007ffc7dfb0,0x00000007ffe00000)
  from space 1024K, 98% used [0x00000007ffe00000,0x00000007ffefc010,0x00000007fff00000)
  to   space 1024K, 0% used [0x00000007fff00000,0x00000007fff00000,0x0000000800000000)
 ParOldGen       total 21504K, used 1591K [0x00000007fe000000, 0x00000007ff500000, 0x00000007ff500000)
  object space 21504K, 7% used [0x00000007fe000000,0x00000007fe18dc78,0x00000007ff500000)
 PSPermGen       total 21504K, used 9521K [0x00000007f8e00000, 0x00000007fa300000, 0x00000007fe000000)
  object space 21504K, 44% used [0x00000007f8e00000,0x00000007f974c4e8,0x00000007fa300000)

Card table byte_map: [0x000000010918a000,0x00000001091c4000] byte_map_base: 0x00000001051c3000

Polling page: 0x00000001047ff000

Code Cache  [0x000000010afe8000, 0x000000010b258000, 0x000000010dfe8000)
 total_blobs=434 nmethods=91 adapters=297 free_code_cache=48491Kb largest_free_block=49633088

Compilation events (10 events):
Event: 62.205 Thread 0x000000010f2fd000   86             sun.plugin2.message.transport.NamedPipeTransport::access$200 (5 bytes)
Event: 62.206 Thread 0x000000010f2fd000 nmethod 86 0x000000010b082110 code [0x000000010b082240, 0x000000010b082298]
Event: 62.231 Thread 0x000000010f2f3000   87             java.util.HashMap$HashIterator::nextEntry (99 bytes)
Event: 62.236 Thread 0x000000010f2f3000 nmethod 87 0x000000010b089710 code [0x000000010b089860, 0x000000010b089a58]
Event: 63.924 Thread 0x000000010f2fd000   88             java.util.HashMap::put (142 bytes)
Event: 63.936 Thread 0x000000010f2fd000 nmethod 88 0x000000010b07a410 code [0x000000010b07a600, 0x000000010b07abe0]
Event: 71.899 Thread 0x000000010f2f3000   90             sun.plugin2.message.transport.NamedPipeTransport$SerializerImpl::readByte (39 bytes)
Event: 71.899 Thread 0x000000010f2fd000   91             java.nio.DirectByteBuffer::get (15 bytes)
Event: 71.899 Thread 0x000000010f2fd000 nmethod 91 0x000000010b07a190 code [0x000000010b07a2c0, 0x000000010b07a358]
Event: 71.901 Thread 0x000000010f2f3000 nmethod 90 0x000000010b079c90 code [0x000000010b079e00, 0x000000010b079f88]

GC Heap History (2 events):
Event: 30.809 GC heap before
{Heap before GC invocations=1 (full 0):
 PSYoungGen      total 10240K, used 9216K [0x00000007ff500000, 0x0000000800000000, 0x0000000800000000)
  eden space 9216K, 100% used [0x00000007ff500000,0x00000007ffe00000,0x00000007ffe00000)
  from space 1024K, 0% used [0x00000007fff00000,0x00000007fff00000,0x0000000800000000)
  to   space 1024K, 0% used [0x00000007ffe00000,0x00000007ffe00000,0x00000007fff00000)
 ParOldGen       total 21504K, used 0K [0x00000007fe000000, 0x00000007ff500000, 0x00000007ff500000)
  object space 21504K, 0% used [0x00000007fe000000,0x00000007fe000000,0x00000007ff500000)
 PSPermGen       total 21504K, used 8273K [0x00000007f8e00000, 0x00000007fa300000, 0x00000007fe000000)
  object space 21504K, 38% used [0x00000007f8e00000,0x00000007f96147a0,0x00000007fa300000)
Event: 30.820 GC heap after
Heap after GC invocations=1 (full 0):
 PSYoungGen      total 10240K, used 1008K [0x00000007ff500000, 0x0000000800000000, 0x0000000800000000)
  eden space 9216K, 0% used [0x00000007ff500000,0x00000007ff500000,0x00000007ffe00000)
  from space 1024K, 98% used [0x00000007ffe00000,0x00000007ffefc010,0x00000007fff00000)
  to   space 1024K, 0% used [0x00000007fff00000,0x00000007fff00000,0x0000000800000000)
 ParOldGen       total 21504K, used 1591K [0x00000007fe000000, 0x00000007ff500000, 0x00000007ff500000)
  object space 21504K, 7% used [0x00000007fe000000,0x00000007fe18dc78,0x00000007ff500000)
 PSPermGen       total 21504K, used 8273K [0x00000007f8e00000, 0x00000007fa300000, 0x00000007fe000000)
  object space 21504K, 38% used [0x00000007f8e00000,0x00000007f96147a0,0x00000007fa300000)
}

Deoptimization events (1 events):
Event: 30.926 Thread 0x00000001045a6000 Uncommon trap: reason=unreached action=reinterpret pc=0x000000010b060dac method=java.lang.Integer.parseInt(Ljava/lang/String;I)I @ 1

Internal exceptions (10 events):
Event: 0.562 Thread 0x0000000108f56000 Threw 0x00000007ff67b3f0 at /HUDSON/workspace/7u-2-build-macosx-x86_64/jdk7u60/1081/hotspot/src/share/vm/prims/jvm.cpp:1244
Event: 0.850 Thread 0x0000000108f56000 Threw 0x00000007ff75b8e8 at /HUDSON/workspace/7u-2-build-macosx-x86_64/jdk7u60/1081/hotspot/src/share/vm/prims/jvm.cpp:1244
Event: 0.850 Thread 0x0000000108f56000 Threw 0x00000007ff75c598 at /HUDSON/workspace/7u-2-build-macosx-x86_64/jdk7u60/1081/hotspot/src/share/vm/prims/jvm.cpp:1244
Event: 0.851 Thread 0x0000000108f56000 Threw 0x00000007ff75e648 at /HUDSON/workspace/7u-2-build-macosx-x86_64/jdk7u60/1081/hotspot/src/share/vm/prims/jvm.cpp:1244
Event: 0.851 Thread 0x0000000108f56000 Threw 0x00000007ff75f368 at /HUDSON/workspace/7u-2-build-macosx-x86_64/jdk7u60/1081/hotspot/src/share/vm/prims/jvm.cpp:1244
Event: 30.741 Thread 0x0000000104563000 Threw 0x00000007ffdc65b8 at /HUDSON/workspace/7u-2-build-macosx-x86_64/jdk7u60/1081/hotspot/src/share/vm/prims/jvm.cpp:1244
Event: 30.741 Thread 0x0000000104563000 Threw 0x00000007ffdc7460 at /HUDSON/workspace/7u-2-build-macosx-x86_64/jdk7u60/1081/hotspot/src/share/vm/prims/jvm.cpp:1244
Event: 30.741 Thread 0x0000000104563000 Threw 0x00000007ffdc9760 at /HUDSON/workspace/7u-2-build-macosx-x86_64/jdk7u60/1081/hotspot/src/share/vm/prims/jvm.cpp:1244
Event: 30.741 Thread 0x0000000104563000 Threw 0x00000007ffdca660 at /HUDSON/workspace/7u-2-build-macosx-x86_64/jdk7u60/1081/hotspot/src/share/vm/prims/jvm.cpp:1244
Event: 30.926 Thread 0x00000001045a6000 Implicit null exception at 0x000000010b060831 to 0x000000010b060d95

Events (10 events):
Event: 63.921 Thread 0x00000001045a6000 Thread added: 0x00000001045a6000
Event: 63.925 Thread 0x0000000108f3f000 Thread added: 0x0000000108f3f000
Event: 63.926 Executing VM operation: RevokeBias
Event: 63.926 Executing VM operation: RevokeBias done
Event: 72.882 Executing VM operation: RevokeBias
Event: 72.882 Executing VM operation: RevokeBias done
Event: 72.882 Thread 0x0000000108f3f000 Thread exited: 0x0000000108f3f000
Event: 72.960 loading class 0x0000000108ff4670
Event: 72.961 loading class 0x0000000108ff4670 done
Event: 73.977 Thread 0x00000001045a6000 Thread exited: 0x00000001045a6000


Dynamic libraries:
0x0000000100003000 	/Applications/Firefox.app/Contents/MacOS/libplugin_child_interpose.dylib
0x0000000000309000 	/System/Library/Frameworks/Cocoa.framework/Versions/A/Cocoa
0x0000000000309000 	/usr/lib/libobjc.A.dylib
0x0000000000309000 	/System/Library/Frameworks/ExceptionHandling.framework/Versions/A/ExceptionHandling
0x0000000100007000 	/Applications/Firefox.app/Contents/MacOS/XUL
0x0000000103e37000 	/Applications/Firefox.app/Contents/MacOS/libmozalloc.dylib
0x0000000103e3b000 	/Applications/Firefox.app/Contents/MacOS/libnss3.dylib
0x00000001040e7000 	/Applications/Firefox.app/Contents/MacOS/libmozglue.dylib
0x0000000000309000 	/usr/lib/libstdc++.6.dylib
0x0000000000309000 	/usr/lib/libSystem.B.dylib
0x0000000000309000 	/System/Library/Frameworks/AppKit.framework/Versions/C/AppKit
0x0000000000309000 	/System/Library/Frameworks/CoreData.framework/Versions/A/CoreData
0x0000000000309000 	/System/Library/Frameworks/Foundation.framework/Versions/C/Foundation
0x0000000000309000 	/System/Library/PrivateFrameworks/RemoteViewServices.framework/Versions/A/RemoteViewServices
0x0000000000309000 	/System/Library/Frameworks/ApplicationServices.framework/Versions/A/ApplicationServices
0x0000000000309000 	/System/Library/Frameworks/AudioToolbox.framework/Versions/A/AudioToolbox
0x0000000000309000 	/System/Library/Frameworks/AudioUnit.framework/Versions/A/AudioUnit
0x0000000000309000 	/System/Library/PrivateFrameworks/DataDetectorsCore.framework/Versions/A/DataDetectorsCore
0x0000000000309000 	/System/Library/PrivateFrameworks/DesktopServicesPriv.framework/Versions/A/DesktopServicesPriv
0x0000000000309000 	/System/Library/Frameworks/Carbon.framework/Versions/A/Frameworks/HIToolbox.framework/Versions/A/HIToolbox
0x0000000000309000 	/System/Library/Frameworks/QuartzCore.framework/Versions/A/QuartzCore
0x0000000000309000 	/System/Library/Frameworks/Security.framework/Versions/A/Security
0x0000000000309000 	/System/Library/Frameworks/Carbon.framework/Versions/A/Frameworks/SpeechRecognition.framework/Versions/A/SpeechRecognition
0x0000000000309000 	/usr/lib/libauto.dylib
0x0000000000309000 	/usr/lib/libicucore.A.dylib
0x0000000000309000 	/usr/lib/libxml2.2.dylib
0x0000000000309000 	/usr/lib/libz.1.dylib
0x0000000000309000 	/System/Library/PrivateFrameworks/CoreUI.framework/Versions/A/CoreUI
0x0000000000309000 	/System/Library/Frameworks/CoreAudio.framework/Versions/A/CoreAudio
0x0000000000309000 	/System/Library/Frameworks/DiskArbitration.framework/Versions/A/DiskArbitration
0x0000000000309000 	/usr/lib/liblangid.dylib
0x0000000000309000 	/System/Library/PrivateFrameworks/MultitouchSupport.framework/Versions/A/MultitouchSupport
0x0000000000309000 	/System/Library/Frameworks/IOKit.framework/Versions/A/IOKit
0x0000000000309000 	/usr/lib/libDiagnosticMessagesClient.dylib
0x0000000000309000 	/System/Library/Frameworks/CoreServices.framework/Versions/A/CoreServices
0x0000000000309000 	/System/Library/PrivateFrameworks/PerformanceAnalysis.framework/Versions/A/PerformanceAnalysis
0x0000000000309000 	/System/Library/PrivateFrameworks/GenerationalStorage.framework/Versions/A/GenerationalStorage
0x0000000000309000 	/System/Library/Frameworks/OpenGL.framework/Versions/A/OpenGL
0x0000000000309000 	/System/Library/PrivateFrameworks/Sharing.framework/Versions/A/Sharing
0x0000000000309000 	/System/Library/Frameworks/ImageIO.framework/Versions/A/ImageIO
0x0000000000309000 	/System/Library/Frameworks/CoreText.framework/Versions/A/CoreText
0x0000000000309000 	/System/Library/Frameworks/CoreGraphics.framework/Versions/A/CoreGraphics
0x0000000000309000 	/System/Library/Frameworks/CoreFoundation.framework/Versions/A/CoreFoundation
0x0000000000309000 	/System/Library/PrivateFrameworks/Backup.framework/Versions/A/Backup
0x0000000000309000 	/System/Library/Frameworks/CFNetwork.framework/Versions/A/CFNetwork
0x0000000000309000 	/System/Library/Frameworks/SystemConfiguration.framework/Versions/A/SystemConfiguration
0x0000000000309000 	/usr/lib/libCRFSuite.dylib
0x0000000000309000 	/usr/lib/libc++.1.dylib
0x0000000000309000 	/usr/lib/libc++abi.dylib
0x0000000000309000 	/usr/lib/system/libcache.dylib
0x0000000000309000 	/usr/lib/system/libcommonCrypto.dylib
0x0000000000309000 	/usr/lib/system/libcompiler_rt.dylib
0x0000000000309000 	/usr/lib/system/libcopyfile.dylib
0x0000000000309000 	/usr/lib/system/libcorecrypto.dylib
0x0000000000309000 	/usr/lib/system/libdispatch.dylib
0x0000000000309000 	/usr/lib/system/libdyld.dylib
0x0000000000309000 	/usr/lib/system/libkeymgr.dylib
0x0000000000309000 	/usr/lib/system/liblaunch.dylib
0x0000000000309000 	/usr/lib/system/libmacho.dylib
0x0000000000309000 	/usr/lib/system/libquarantine.dylib
0x0000000000309000 	/usr/lib/system/libremovefile.dylib
0x0000000000309000 	/usr/lib/system/libsystem_asl.dylib
0x0000000000309000 	/usr/lib/system/libsystem_blocks.dylib
0x0000000000309000 	/usr/lib/system/libsystem_c.dylib
0x0000000000309000 	/usr/lib/system/libsystem_configuration.dylib
0x0000000000309000 	/usr/lib/system/libsystem_dnssd.dylib
0x0000000000309000 	/usr/lib/system/libsystem_info.dylib
0x0000000000309000 	/usr/lib/system/libsystem_kernel.dylib
0x0000000000309000 	/usr/lib/system/libsystem_m.dylib
0x0000000000309000 	/usr/lib/system/libsystem_malloc.dylib
0x0000000000309000 	/usr/lib/system/libsystem_network.dylib
0x0000000000309000 	/usr/lib/system/libsystem_notify.dylib
0x0000000000309000 	/usr/lib/system/libsystem_platform.dylib
0x0000000000309000 	/usr/lib/system/libsystem_pthread.dylib
0x0000000000309000 	/usr/lib/system/libsystem_sandbox.dylib
0x0000000000309000 	/usr/lib/system/libsystem_stats.dylib
0x0000000000309000 	/usr/lib/system/libunc.dylib
0x0000000000309000 	/usr/lib/system/libunwind.dylib
0x0000000000309000 	/usr/lib/system/libxpc.dylib
0x0000000000309000 	/usr/lib/libbsm.0.dylib
0x0000000000309000 	/usr/lib/libsqlite3.dylib
0x0000000000309000 	/usr/lib/libxar.1.dylib
0x0000000000309000 	/usr/lib/libpam.2.dylib
0x0000000000309000 	/usr/lib/libOpenScriptingUtil.dylib
0x0000000000309000 	/usr/lib/libbz2.1.0.dylib
0x0000000000309000 	/System/Library/Frameworks/CoreServices.framework/Versions/A/Frameworks/CarbonCore.framework/Versions/A/CarbonCore
0x0000000000309000 	/System/Library/Frameworks/CoreServices.framework/Versions/A/Frameworks/Metadata.framework/Versions/A/Metadata
0x0000000000309000 	/System/Library/Frameworks/CoreServices.framework/Versions/A/Frameworks/OSServices.framework/Versions/A/OSServices
0x0000000000309000 	/System/Library/Frameworks/CoreServices.framework/Versions/A/Frameworks/SearchKit.framework/Versions/A/SearchKit
0x0000000000309000 	/System/Library/Frameworks/CoreServices.framework/Versions/A/Frameworks/AE.framework/Versions/A/AE
0x0000000000309000 	/System/Library/Frameworks/CoreServices.framework/Versions/A/Frameworks/LaunchServices.framework/Versions/A/LaunchServices
0x0000000000309000 	/System/Library/Frameworks/CoreServices.framework/Versions/A/Frameworks/DictionaryServices.framework/Versions/A/DictionaryServices
0x0000000000309000 	/System/Library/Frameworks/NetFS.framework/Versions/A/NetFS
0x0000000000309000 	/usr/lib/system/libkxld.dylib
0x0000000000309000 	/System/Library/PrivateFrameworks/NetAuth.framework/Versions/A/NetAuth
0x0000000000309000 	/System/Library/PrivateFrameworks/TCC.framework/Versions/A/TCC
0x0000000000309000 	/System/Library/Frameworks/OpenDirectory.framework/Versions/A/Frameworks/CFOpenDirectory.framework/Versions/A/CFOpenDirectory
0x0000000000309000 	/System/Library/Frameworks/ServiceManagement.framework/Versions/A/ServiceManagement
0x0000000000309000 	/usr/lib/libxslt.1.dylib
0x0000000000309000 	/System/Library/Frameworks/Carbon.framework/Versions/A/Frameworks/Ink.framework/Versions/A/Ink
0x0000000000309000 	/System/Library/Frameworks/ApplicationServices.framework/Versions/A/Frameworks/ATS.framework/Versions/A/ATS
0x0000000000309000 	/System/Library/Frameworks/ApplicationServices.framework/Versions/A/Frameworks/ColorSync.framework/Versions/A/ColorSync
0x0000000000309000 	/System/Library/Frameworks/ApplicationServices.framework/Versions/A/Frameworks/HIServices.framework/Versions/A/HIServices
0x0000000000309000 	/System/Library/Frameworks/ApplicationServices.framework/Versions/A/Frameworks/LangAnalysis.framework/Versions/A/LangAnalysis
0x0000000000309000 	/System/Library/Frameworks/ApplicationServices.framework/Versions/A/Frameworks/PrintCore.framework/Versions/A/PrintCore
0x0000000000309000 	/System/Library/Frameworks/ApplicationServices.framework/Versions/A/Frameworks/QD.framework/Versions/A/QD
0x0000000000309000 	/System/Library/Frameworks/ApplicationServices.framework/Versions/A/Frameworks/SpeechSynthesis.framework/Versions/A/SpeechSynthesis
0x0000000000309000 	/System/Library/Frameworks/IOSurface.framework/Versions/A/IOSurface
0x0000000000309000 	/System/Library/Frameworks/Accelerate.framework/Versions/A/Accelerate
0x0000000000309000 	/System/Library/Frameworks/Accelerate.framework/Versions/A/Frameworks/vImage.framework/Versions/A/vImage
0x0000000000309000 	/System/Library/Frameworks/Accelerate.framework/Versions/A/Frameworks/vecLib.framework/Versions/A/vecLib
0x0000000000309000 	/System/Library/Frameworks/Accelerate.framework/Versions/A/Frameworks/vecLib.framework/Versions/A/libvDSP.dylib
0x0000000000309000 	/System/Library/Frameworks/Accelerate.framework/Versions/A/Frameworks/vecLib.framework/Versions/A/libvMisc.dylib
0x0000000000309000 	/System/Library/Frameworks/Accelerate.framework/Versions/A/Frameworks/vecLib.framework/Versions/A/libLAPACK.dylib
0x0000000000309000 	/System/Library/Frameworks/Accelerate.framework/Versions/A/Frameworks/vecLib.framework/Versions/A/libBLAS.dylib
0x0000000000309000 	/System/Library/Frameworks/ApplicationServices.framework/Versions/A/Frameworks/ATS.framework/Versions/A/Resources/libFontParser.dylib
0x0000000000309000 	/System/Library/Frameworks/ApplicationServices.framework/Versions/A/Frameworks/ATS.framework/Versions/A/Resources/libFontRegistry.dylib
0x0000000000309000 	/System/Library/Frameworks/ImageIO.framework/Versions/A/Resources/libJPEG.dylib
0x0000000000309000 	/System/Library/Frameworks/ImageIO.framework/Versions/A/Resources/libTIFF.dylib
0x0000000000309000 	/System/Library/Frameworks/ImageIO.framework/Versions/A/Resources/libPng.dylib
0x0000000000309000 	/System/Library/Frameworks/ImageIO.framework/Versions/A/Resources/libGIF.dylib
0x0000000000309000 	/System/Library/Frameworks/ImageIO.framework/Versions/A/Resources/libJP2.dylib
0x0000000000309000 	/System/Library/Frameworks/ImageIO.framework/Versions/A/Resources/libRadiance.dylib
0x0000000000309000 	/usr/lib/libcups.2.dylib
0x0000000000309000 	/System/Library/Frameworks/Kerberos.framework/Versions/A/Kerberos
0x0000000000309000 	/System/Library/Frameworks/GSS.framework/Versions/A/GSS
0x0000000000309000 	/usr/lib/libresolv.9.dylib
0x0000000000309000 	/usr/lib/libiconv.2.dylib
0x0000000000309000 	/System/Library/PrivateFrameworks/Heimdal.framework/Versions/A/Heimdal
0x0000000000309000 	/System/Library/PrivateFrameworks/TrustEvaluationAgent.framework/Versions/A/TrustEvaluationAgent
0x0000000000309000 	/usr/lib/libheimdal-asn1.dylib
0x0000000000309000 	/System/Library/Frameworks/OpenDirectory.framework/Versions/A/OpenDirectory
0x0000000000309000 	/System/Library/PrivateFrameworks/CommonAuth.framework/Versions/A/CommonAuth
0x0000000000309000 	/System/Library/Frameworks/SecurityFoundation.framework/Versions/A/SecurityFoundation
0x0000000000309000 	/System/Library/PrivateFrameworks/Bom.framework/Versions/A/Bom
0x0000000000309000 	/System/Library/Frameworks/CoreVideo.framework/Versions/A/CoreVideo
0x0000000000309000 	/System/Library/Frameworks/QuartzCore.framework/Versions/A/Frameworks/CoreImage.framework/Versions/A/CoreImage
0x0000000000309000 	/System/Library/Frameworks/QuartzCore.framework/Versions/A/Frameworks/ScalableUserInterface.framework/Versions/A/ScalableUserInterface
0x0000000000309000 	/System/Library/Frameworks/OpenGL.framework/Versions/A/Libraries/libGLU.dylib
0x0000000000309000 	/System/Library/Frameworks/OpenGL.framework/Versions/A/Libraries/libGFXShared.dylib
0x0000000000309000 	/System/Library/Frameworks/OpenGL.framework/Versions/A/Libraries/libGL.dylib
0x0000000000309000 	/System/Library/Frameworks/OpenGL.framework/Versions/A/Libraries/libGLImage.dylib
0x0000000000309000 	/System/Library/Frameworks/OpenGL.framework/Versions/A/Libraries/libCVMSPluginSupport.dylib
0x0000000000309000 	/System/Library/Frameworks/OpenGL.framework/Versions/A/Libraries/libCoreVMClient.dylib
0x0000000000309000 	/System/Library/PrivateFrameworks/FaceCore.framework/Versions/A/FaceCore
0x0000000000309000 	/System/Library/PrivateFrameworks/CrashReporterSupport.framework/Versions/A/CrashReporterSupport
0x0000000000309000 	/System/Library/Frameworks/OpenCL.framework/Versions/A/OpenCL
0x0000000000309000 	/System/Library/PrivateFrameworks/AppleFSCompression.framework/Versions/A/AppleFSCompression
0x0000000000309000 	/System/Library/PrivateFrameworks/Ubiquity.framework/Versions/A/Ubiquity
0x0000000000309000 	/System/Library/PrivateFrameworks/IconServices.framework/Versions/A/IconServices
0x0000000000309000 	/System/Library/PrivateFrameworks/ChunkingLibrary.framework/Versions/A/ChunkingLibrary
0x0000000000309000 	/System/Library/PrivateFrameworks/CoreSymbolication.framework/Versions/A/CoreSymbolication
0x0000000000309000 	/System/Library/PrivateFrameworks/Symbolication.framework/Versions/A/Symbolication
0x0000000000309000 	/System/Library/PrivateFrameworks/DebugSymbols.framework/Versions/A/DebugSymbols
0x0000000000309000 	/System/Library/Frameworks/QTKit.framework/Versions/A/QTKit
0x0000000000309000 	/System/Library/Frameworks/CoreLocation.framework/Versions/A/CoreLocation
0x0000000000309000 	/System/Library/Frameworks/Carbon.framework/Versions/A/Carbon
0x0000000000309000 	/System/Library/Frameworks/AddressBook.framework/Versions/A/AddressBook
0x0000000000309000 	/System/Library/Frameworks/AVFoundation.framework/Versions/A/AVFoundation
0x0000000000309000 	/System/Library/Frameworks/CoreMedia.framework/Versions/A/CoreMedia
0x0000000000309000 	/System/Library/Frameworks/MediaToolbox.framework/Versions/A/MediaToolbox
0x0000000000309000 	/System/Library/Frameworks/VideoToolbox.framework/Versions/A/VideoToolbox
0x0000000000309000 	/System/Library/PrivateFrameworks/CoreMediaAuthoring.framework/Versions/A/CoreMediaAuthoring
0x0000000000309000 	/System/Library/Frameworks/CoreMediaIO.framework/Versions/A/CoreMediaIO
0x0000000000309000 	/System/Library/Frameworks/AVFoundation.framework/Versions/A/Resources/libAVFAudio.dylib
0x0000000000309000 	/System/Library/PrivateFrameworks/MediaControlSender.framework/Versions/A/MediaControlSender
0x0000000000309000 	/System/Library/PrivateFrameworks/CoreAVCHD.framework/Versions/A/CoreAVCHD
0x0000000000309000 	/System/Library/Frameworks/MediaAccessibility.framework/Versions/A/MediaAccessibility
0x0000000000309000 	/System/Library/PrivateFrameworks/Mangrove.framework/Versions/A/Mangrove
0x0000000000309000 	/System/Library/PrivateFrameworks/CoreAUC.framework/Versions/A/CoreAUC
0x0000000000309000 	/System/Library/PrivateFrameworks/Apple80211.framework/Versions/A/Apple80211
0x0000000000309000 	/System/Library/PrivateFrameworks/AppleSRP.framework/Versions/A/AppleSRP
0x0000000000309000 	/System/Library/PrivateFrameworks/CoreUtils.framework/Versions/A/CoreUtils
0x0000000000309000 	/System/Library/Frameworks/CoreWLAN.framework/Versions/A/CoreWLAN
0x0000000000309000 	/usr/lib/libpcap.A.dylib
0x0000000000309000 	/System/Library/Frameworks/CoreWiFi.framework/Versions/A/CoreWiFi
0x0000000000309000 	/System/Library/PrivateFrameworks/AppleVA.framework/Versions/A/AppleVA
0x0000000000309000 	/System/Library/PrivateFrameworks/XPCService.framework/Versions/A/XPCService
0x0000000000309000 	/System/Library/PrivateFrameworks/AppSandbox.framework/Versions/A/AppSandbox
0x0000000000309000 	/usr/lib/libsandbox.1.dylib
0x0000000000309000 	/System/Library/PrivateFrameworks/AppContainer.framework/Versions/A/AppContainer
0x0000000000309000 	/System/Library/PrivateFrameworks/SecCodeWrapper.framework/Versions/A/SecCodeWrapper
0x0000000000309000 	/usr/lib/libMatch.1.dylib
0x0000000000309000 	/System/Library/Frameworks/Carbon.framework/Versions/A/Frameworks/CommonPanels.framework/Versions/A/CommonPanels
0x0000000000309000 	/System/Library/Frameworks/Carbon.framework/Versions/A/Frameworks/Help.framework/Versions/A/Help
0x0000000000309000 	/System/Library/Frameworks/Carbon.framework/Versions/A/Frameworks/ImageCapture.framework/Versions/A/ImageCapture
0x0000000000309000 	/System/Library/Frameworks/Carbon.framework/Versions/A/Frameworks/OpenScripting.framework/Versions/A/OpenScripting
0x0000000000309000 	/System/Library/Frameworks/Carbon.framework/Versions/A/Frameworks/Print.framework/Versions/A/Print
0x0000000000309000 	/System/Library/Frameworks/Carbon.framework/Versions/A/Frameworks/SecurityHI.framework/Versions/A/SecurityHI
0x0000000000309000 	/System/Library/PrivateFrameworks/GeoServices.framework/Versions/A/GeoServices
0x0000000000309000 	/System/Library/PrivateFrameworks/ProtocolBuffer.framework/Versions/A/ProtocolBuffer
0x0000000000309000 	/System/Library/PrivateFrameworks/ApplePushService.framework/Versions/A/ApplePushService
0x0000000000309000 	/System/Library/PrivateFrameworks/ContactsData.framework/Versions/A/ContactsData
0x0000000000309000 	/System/Library/PrivateFrameworks/ContactsFoundation.framework/Versions/A/ContactsFoundation
0x0000000000309000 	/System/Library/Frameworks/DirectoryService.framework/Versions/A/DirectoryService
0x0000000000309000 	/System/Library/Frameworks/SecurityInterface.framework/Versions/A/SecurityInterface
0x0000000000309000 	/System/Library/PrivateFrameworks/PhoneNumbers.framework/Versions/A/PhoneNumbers
0x0000000000309000 	/System/Library/Frameworks/Quartz.framework/Versions/A/Quartz
0x0000000000309000 	/System/Library/PrivateFrameworks/InternetAccounts.framework/Versions/A/InternetAccounts
0x0000000000309000 	/System/Library/Frameworks/LDAP.framework/Versions/A/LDAP
0x0000000000309000 	/System/Library/PrivateFrameworks/CoreDaemon.framework/Versions/B/CoreDaemon
0x0000000000309000 	/usr/lib/libcrypto.0.9.8.dylib
0x0000000000309000 	/System/Library/Frameworks/Quartz.framework/Versions/A/Frameworks/QuartzComposer.framework/Versions/A/QuartzComposer
0x0000000000309000 	/System/Library/Frameworks/Quartz.framework/Versions/A/Frameworks/PDFKit.framework/Versions/A/PDFKit
0x0000000000309000 	/System/Library/Frameworks/Quartz.framework/Versions/A/Frameworks/QuartzFilters.framework/Versions/A/QuartzFilters
0x0000000000309000 	/System/Library/Frameworks/Quartz.framework/Versions/A/Frameworks/ImageKit.framework/Versions/A/ImageKit
0x0000000000309000 	/System/Library/Frameworks/Quartz.framework/Versions/A/Frameworks/QuickLookUI.framework/Versions/A/QuickLookUI
0x0000000000309000 	/System/Library/Frameworks/JavaScriptCore.framework/Versions/A/JavaScriptCore
0x0000000000309000 	/System/Library/PrivateFrameworks/AppleSystemInfo.framework/Versions/A/AppleSystemInfo
0x0000000000309000 	/System/Library/PrivateFrameworks/CorePDF.framework/Versions/A/CorePDF
0x0000000000309000 	/System/Library/Frameworks/QuickLook.framework/Versions/A/QuickLook
0x0000000000309000 	/System/Library/PrivateFrameworks/DisplayServices.framework/Versions/A/DisplayServices
0x0000000000309000 	/System/Library/Frameworks/ImageCaptureCore.framework/Versions/A/ImageCaptureCore
0x0000000000309000 	/System/Library/Frameworks/WebKit.framework/Versions/A/WebKit
0x0000000000309000 	/System/Library/PrivateFrameworks/IMCore.framework/Versions/A/IMCore
0x0000000000309000 	/System/Library/Frameworks/PreferencePanes.framework/Versions/A/PreferencePanes
0x0000000000309000 	/System/Library/PrivateFrameworks/AOSKit.framework/Versions/A/AOSKit
0x0000000000309000 	/System/Library/Frameworks/WebKit.framework/Versions/A/Frameworks/WebCore.framework/Versions/A/WebCore
0x0000000000309000 	/System/Library/PrivateFrameworks/IMFoundation.framework/Versions/A/IMFoundation
0x0000000000309000 	/System/Library/PrivateFrameworks/Marco.framework/Versions/A/Marco
0x0000000000309000 	/System/Library/PrivateFrameworks/FTServices.framework/Versions/A/FTServices
0x0000000000309000 	/System/Library/PrivateFrameworks/IDS.framework/Versions/A/IDS
0x0000000000309000 	/usr/lib/libtidy.A.dylib
0x0000000000309000 	/System/Library/PrivateFrameworks/DiagnosticLogCollection.framework/Versions/A/DiagnosticLogCollection
0x0000000000309000 	/System/Library/PrivateFrameworks/IDSFoundation.framework/Versions/A/IDSFoundation
0x0000000000309000 	/System/Library/PrivateFrameworks/ViewBridge.framework/Versions/A/ViewBridge
0x0000000000309000 	/System/Library/PrivateFrameworks/AOSMigrate.framework/Versions/A/AOSMigrate
0x0000000000309000 	/System/Library/PrivateFrameworks/ISSupport.framework/Versions/A/ISSupport
0x0000000000309000 	/usr/lib/libsasl2.2.dylib
0x0000000000309000 	/usr/lib/libssl.0.9.8.dylib
0x0000000000309000 	/System/Library/PrivateFrameworks/CoreServicesInternal.framework/Versions/A/CoreServicesInternal
0x0000000106f02000 	/Library/Internet Plug-Ins/JavaAppletPlugin.plugin/Contents/MacOS/JavaAppletPlugin
0x00000001047d7000 	/Library/Internet Plug-Ins/JavaAppletPlugin.plugin/Contents/Home/lib/jli/./libjli.dylib
0x0000000106f33000 	/Library/Internet Plug-Ins/JavaAppletPlugin.plugin/Contents/Home/lib/./libdeploy.dylib
0x00000001047e6000 	/System/Library/Frameworks/JavaVM.framework/Versions/A/Frameworks/JavaRuntimeSupport.framework/Versions/A/JavaRuntimeSupport
0x0000000106f5a000 	/System/Library/Frameworks/JavaVM.framework/Versions/A/Frameworks/JavaNativeFoundation.framework/Versions/A/JavaNativeFoundation
0x0000000106f6e000 	/Library/Internet Plug-Ins/JavaAppletPlugin.plugin/Contents/Frameworks/Sparkle.framework/Versions/A/Sparkle
0x0000000106fab000 	/System/Library/Frameworks/JavaVM.framework/Versions/A/JavaVM
0x0000000106fb7000 	/System/Library/PrivateFrameworks/JavaLaunching.framework/Versions/A/JavaLaunching
0x0000000000309000 	/System/Library/PrivateFrameworks/Librarian.framework/Versions/A/Librarian
0x0000000000309000 	/System/Library/PrivateFrameworks/FamilyControls.framework/Versions/A/FamilyControls
0x0000000000309000 	/System/Library/PrivateFrameworks/CommerceKit.framework/Versions/A/Frameworks/CommerceCore.framework/Versions/A/CommerceCore
0x0000000000309000 	/System/Library/PrivateFrameworks/SystemAdministration.framework/Versions/A/SystemAdministration
0x0000000000309000 	/System/Library/PrivateFrameworks/DiskImages.framework/Versions/A/DiskImages
0x0000000000309000 	/System/Library/PrivateFrameworks/LoginUIKit.framework/Versions/A/Frameworks/LoginUICore.framework/Versions/A/LoginUICore
0x0000000000309000 	/usr/lib/libCoreStorage.dylib
0x0000000000309000 	/usr/lib/libcsfde.dylib
0x0000000000309000 	/usr/lib/libodfde.dylib
0x0000000000309000 	/System/Library/Frameworks/DiscRecording.framework/Versions/A/DiscRecording
0x0000000000309000 	/usr/lib/libcurl.4.dylib
0x0000000000309000 	/System/Library/PrivateFrameworks/MediaKit.framework/Versions/A/MediaKit
0x0000000000309000 	/System/Library/PrivateFrameworks/EFILogin.framework/Versions/A/EFILogin
0x0000000000309000 	/usr/lib/libutil.dylib
0x0000000000309000 	/System/Library/PrivateFrameworks/AOSNotification.framework/Versions/A/AOSNotification
0x000000010a589000 	/Library/Internet Plug-Ins/JavaAppletPlugin.plugin/Contents/Home//lib/server/libjvm.dylib
0x0000000106fcf000 	/Library/Internet Plug-Ins/JavaAppletPlugin.plugin/Contents/Home/lib/libverify.dylib
0x000000010915a000 	/Library/Internet Plug-Ins/JavaAppletPlugin.plugin/Contents/Home/lib/libjava.dylib
0x0000000106fe4000 	/Library/Internet Plug-Ins/JavaAppletPlugin.plugin/Contents/Home/lib/libzip.dylib
0x0000000000309000 	/System/Library/Frameworks/CoreGraphics.framework/Versions/A/Resources/libCGCMS.A.dylib
0x0000000000309000 	/System/Library/Frameworks/OpenGL.framework/Versions/A/Resources/GLEngine.bundle/GLEngine
0x0000000000309000 	/System/Library/Frameworks/OpenGL.framework/Versions/A/Libraries/libGLProgrammability.dylib
0x0000000000000000 	/System/Library/Extensions/AppleIntelHD3000GraphicsGLDriver.bundle/Contents/MacOS/AppleIntelHD3000GraphicsGLDriver
0x000000010e89a000 	/System/Library/PrivateFrameworks/GPUSupport.framework/Versions/A/Libraries/libGPUSupport.dylib
0x0000000000309000 	/System/Library/Frameworks/OpenGL.framework/Versions/A/Resources/GLRendererFloat.bundle/GLRendererFloat
0x0000000000309000 	/System/Library/Frameworks/OpenCL.framework/Versions/A/Libraries/libcldcpuengine.dylib
0x000000010ebf1000 	/Library/Internet Plug-Ins/JavaAppletPlugin.plugin/Contents/Home/lib/libnio.dylib
0x00000001112c7000 	/Library/Internet Plug-Ins/JavaAppletPlugin.plugin/Contents/Home/lib/./libnet.dylib
0x000000010e8b1000 	/Library/Internet Plug-Ins/JavaAppletPlugin.plugin/Contents/Home/lib/libosx.dylib
0x00000001116b1000 	/Library/Internet Plug-Ins/JavaAppletPlugin.plugin/Contents/Home/lib/./libosxapp.dylib
0x0000000000309000 	/System/Library/Frameworks/CoreGraphics.framework/Versions/A/Resources/libRIP.A.dylib
0x000000010470a000 	/Library/Internet Plug-Ins/JavaAppletPlugin.plugin/Contents/Home/lib/libsunec.dylib

VM Arguments:
jvm_args: -Xbootclasspath/a:/Library/Internet Plug-Ins/JavaAppletPlugin.plugin/Contents/Home/lib/deploy.jar:/Library/Internet Plug-Ins/JavaAppletPlugin.plugin/Contents/Home/lib/javaws.jar:/Library/Internet Plug-Ins/JavaAppletPlugin.plugin/Contents/Home/lib/plugin.jar -Xmx32m -Djava.awt.headless=true -XX:MaxDirectMemorySize=64m 
java_command: <unknown>
Launcher Type: generic

Environment Variables:
PATH=/usr/bin:/bin:/usr/sbin:/sbin:/usr/local/bin
SHELL=/bin/bash
DYLD_LIBRARY_PATH=/Applications/Firefox.app/Contents/MacOS
DYLD_INSERT_LIBRARIES=

Signal Handlers:
SIGSEGV: [libjvm.dylib+0x52b7b1], sa_mask[0]=0xfffefeff, sa_flags=0x00000043
SIGBUS: [libjvm.dylib+0x52b7b1], sa_mask[0]=0xfffefeff, sa_flags=0x00000042
SIGFPE: [libjvm.dylib+0x41e28a], sa_mask[0]=0xfffefeff, sa_flags=0x00000042
SIGPIPE: [libjvm.dylib+0x41e28a], sa_mask[0]=0xfffefeff, sa_flags=0x00000042
SIGXFSZ: [libjvm.dylib+0x41e28a], sa_mask[0]=0xfffefeff, sa_flags=0x00000042
SIGILL: [libjvm.dylib+0x41e28a], sa_mask[0]=0xfffefeff, sa_flags=0x00000042
SIGUSR1: SIG_DFL, sa_mask[0]=0xfffefeff, sa_flags=0x00000000
SIGUSR2: [libjvm.dylib+0x41dd7c], sa_mask[0]=0x00000000, sa_flags=0x00000042
SIGHUP: [libjvm.dylib+0x41c00b], sa_mask[0]=0xfffefeff, sa_flags=0x00000042
SIGINT: [libjvm.dylib+0x41c00b], sa_mask[0]=0xfffefeff, sa_flags=0x00000042
SIGTERM: [libjvm.dylib+0x41c00b], sa_mask[0]=0xfffefeff, sa_flags=0x00000042
SIGQUIT: [libjvm.dylib+0x41c00b], sa_mask[0]=0xfffefeff, sa_flags=0x00000042


---------------  S Y S T E M  ---------------

OS:Bsduname:Darwin 13.2.0 Darwin Kernel Version 13.2.0: Thu Apr 17 23:03:13 PDT 2014; root:xnu-2422.100.13~1/RELEASE_X86_64 x86_64
rlimit: STACK 8192k, CORE 0k, NPROC 709, NOFILE 10240, AS infinity
load average:1.62 1.79 1.66

CPU:total 4 (2 cores per cpu, 2 threads per core) family 6 model 42 stepping 7, cmov, cx8, fxsr, mmx, sse, sse2, sse3, ssse3, sse4.1, sse4.2, popcnt, avx, aes, ht, tsc, tscinvbit

Memory: 4k page, physical 4194304k(1048576k free)

/proc/meminfo:


vm_info: Java HotSpot(TM) 64-Bit Server VM (24.60-b09) for bsd-amd64 JRE (1.7.0_60-b19), built on May  7 2014 12:52:25 by "java_re" with gcc 4.2.1 (Based on Apple Inc. build 5658) (LLVM build 2336.11.00)

time: Mon Jul 14 11:16:15 2014
elapsed time: 74 seconds

